0 info it worked if it ends with ok
1 verbose cli [ '/Users/pyykkis/.nvm/v0.10.1/bin/node',
1 verbose cli   '/Users/pyykkis/.nvm/v0.10.1/bin/npm',
1 verbose cli   'start' ]
2 info using npm@1.2.15
3 info using node@v0.10.1
4 verbose read json /Users/pyykkis/work/transparency/examples/hello-server/package.json
5 verbose run-script [ 'prestart', 'start', 'poststart' ]
6 info prestart hello-server@0.0.1
7 info start hello-server@0.0.1
8 verbose unsafe-perm in lifecycle true
9 silly exec sh "-c" "node server.js"
10 silly sh,-c,node server.js,/Users/pyykkis/work/transparency/examples/hello-server spawning
11 info hello-server@0.0.1 Failed to exec start script
12 error hello-server@0.0.1 start: `node server.js`
12 error `sh "-c" "node server.js"` failed with 8
13 error Failed at the hello-server@0.0.1 start script.
13 error This is most likely a problem with the hello-server package,
13 error not with npm itself.
13 error Tell the author that this fails on your system:
13 error     node server.js
13 error You can get their info via:
13 error     npm owner ls hello-server
13 error There is likely additional logging output above.
14 error System Darwin 12.3.0
15 error command "/Users/pyykkis/.nvm/v0.10.1/bin/node" "/Users/pyykkis/.nvm/v0.10.1/bin/npm" "start"
16 error cwd /Users/pyykkis/work/transparency/examples/hello-server
17 error node -v v0.10.1
18 error npm -v 1.2.15
19 error code ELIFECYCLE
20 verbose exit [ 1, true ]
