info it worked if it ends with ok
verbose cli [ 'node',
verbose cli   '/Users/pyykkis/.nvm/v0.4.11/bin/npm',
verbose cli   'install',
verbose cli   '-g',
verbose cli   'cake' ]
info using npm@1.0.27
info using node@v0.4.11
verbose config file /Users/pyykkis/.npmrc
verbose config file /Users/pyykkis/.nvm/v0.4.11/etc/npmrc
verbose into /Users/pyykkis/.nvm/v0.4.11/lib [ 'cake' ]
verbose cache add cake
verbose cache add [ 'cake', null ]
silly cache add: name, spec, args [ undefined, 'cake', [ 'cake', null ] ]
verbose parsed url { pathname: 'cake', href: 'cake' }
info addNamed [ 'cake', '' ]
verbose addNamed [ null, '' ]
verbose GET cake
verbose raw, before any munging cake
verbose url resolving [ 'https://registry.npmjs.org/', './cake' ]
verbose url resolved https://registry.npmjs.org/cake
verbose url parsed { protocol: 'https:',
verbose url parsed   slashes: true,
verbose url parsed   host: 'registry.npmjs.org',
verbose url parsed   hostname: 'registry.npmjs.org',
verbose url parsed   href: 'https://registry.npmjs.org/cake',
verbose url parsed   pathname: '/cake' }
verbose response https://registry.npmjs.org/cake
silly chunk {"error":"not_found","reason":"document not found"}
silly chunk 
silly get cb [ 404,
silly get cb   { server: 'CouchDB/1.1.0 (Erlang OTP/R14B03)',
silly get cb     date: 'Mon, 12 Sep 2011 13:13:56 GMT',
silly get cb     'content-type': 'application/json',
silly get cb     'content-length': '52',
silly get cb     'cache-control': 'must-revalidate' } ]
ERR! 404 'cake' is not in the npm registry.
ERR! 404 You should bug the author to publish it.
ERR! 404 Note that you can also install from a tarball or folder.
ERR! 
ERR! System Darwin 11.1.0
ERR! command "node" "/Users/pyykkis/.nvm/v0.4.11/bin/npm" "install" "-g" "cake"
ERR! cwd /Users/pyykkis/work/node/transparency/examples/blog/public/javascripts
ERR! node -v v0.4.11
ERR! npm -v 1.0.27
verbose exit [ 1, true ]
